Arguments: 
  C:\Program Files\nodejs\node.exe C:\Program Files (x86)\Yarn\bin\yarn.js init -Y

PATH: 
  C:\Program Files (x86)\Java\jdk1.7.0_80\jre\bin;C:\ProgramData\DockerDesktop\version-bin;C:\Program Files\Docker\Docker\Resources\bin;C:\Program Files (x86)\Common Files\Oracle\Java\javapath;O:\ora11202w\BIN;C:\Program Files (x86)\RSA SecurID Token Common;C:\WINDOWS\system32;C:\WINDOWS;C:\WINDOWS\System32\Wbem;C:\WINDOWS\System32\WindowsPowerShell\v1.0\;C:\Program Files\Microsoft VS Code\bin;C:\Program Files\Git\cmd;C:\Program Files\apache-maven-3.5.4\bin;C:\Program Files\nodejs\;C:\Program Files (x86)\Yarn\bin\;C:\Program Files\Intel\WiFi\bin\;C:\Program Files\Common Files\Intel\WirelessCommon\;C:\Program Files (x86)\Intel\Intel(R) Management Engine Components\DAL;C:\Program Files\Intel\Intel(R) Management Engine Components\DAL;C:\Users\JOSEDU\AppData\Local\Continuum\anaconda3;C:\Users\JOSEDU\AppData\Local\Continuum\anaconda3\Library\mingw-w64\bin;C:\Users\JOSEDU\AppData\Local\Continuum\anaconda3\Library\usr\bin;C:\Users\JOSEDU\AppData\Local\Continuum\anaconda3\Library\bin;C:\Users\JOSEDU\AppData\Local\Continuum\anaconda3\Scripts;C:\Users\JOSEDU\AppData\Local\Programs\Python\Python37-32\Scripts\;C:\Users\JOSEDU\AppData\Local\Programs\Python\Python37-32\;C:\Users\JOSEDU\AppData\Local\Microsoft\WindowsApps;C:\Users\JOSEDU\AppData\Roaming\npm;C:\Users\JOSEDU\AppData\Local\Yarn\bin

Yarn version: 
  1.15.2

Node version: 
  10.15.3

Platform: 
  win32 x64

Trace: 
  Error: canceled
      at Interface.<anonymous> (C:\Program Files (x86)\Yarn\lib\cli.js:125801:13)
      at Interface.emit (events.js:189:13)
      at Interface._ttyWrite (readline.js:783:16)
      at ReadStream.onkeypress (readline.js:168:10)
      at ReadStream.emit (events.js:189:13)
      at emitKeys (internal/readline.js:424:14)
      at emitKeys.next (<anonymous>)
      at ReadStream.onData (readline.js:1022:36)
      at ReadStream.emit (events.js:189:13)
      at addChunk (_stream_readable.js:284:12)

npm manifest: 
  No manifest

yarn manifest: 
  No manifest

Lockfile: 
  No lockfile
